<?xml version="1.0" encoding="UTF-8"?>
<beans xmlns:xsi="http://www.w3.org/2001/XMLSchema-instance"
       xmlns:context="http://www.springframework.org/schema/context"
       xmlns:tx="http://www.springframework.org/schema/tx"
       xmlns:mybatis="http://mybatis.org/schema/mybatis-spring"
       xmlns="http://www.springframework.org/schema/beans"
       xsi:schemaLocation="http://www.springframework.org/schema/beans http://www.springframework.org/schema/beans/spring-beans.xsd
       http://www.springframework.org/schema/context http://www.springframework.org/schema/context/spring-context.xsd
       http://www.springframework.org/schema/tx http://www.springframework.org/schema/tx/spring-tx.xsd
       http://mybatis.org/schema/mybatis-spring http://mybatis.org/schema/mybatis-spring.xsd
       ">

  <context:annotation-config/>
  <context:property-placeholder location="classpath:*.properties"/>

  <bean id="hikariConfig" class="com.zaxxer.hikari.HikariConfig">
    <property name="jdbcUrl" value="${jdbc.url}"/>
    <property name="username" value="${jdbc.username}"/>
    <property name="password" value="${jdbc.password}"/>

    <property name="poolName" value="hikariCP"/>
    <property name="connectionTestQuery" value="select 1 from dual"/>
    <property name="maximumPoolSize" value="5"/>
    <property name="idleTimeout" value="30000"/>
  </bean>

  <bean id="dataSource" class="com.zaxxer.hikari.HikariDataSource" destroy-method="close">
    <constructor-arg ref="hikariConfig"/>
  </bean>

  <bean id="transactionManager" class="org.springframework.jdbc.datasource.DataSourceTransactionManager">
    <property name="dataSource" ref="dataSource"/>
  </bean>

  <tx:annotation-driven transaction-manager="transactionManager"/>

  <bean id="sqlSessionFactory" class="org.mybatis.spring.SqlSessionFactoryBean">
    <property name="configLocation" value="classpath:/META-INF/mybatis.xml"/>
    <property name="dataSource" ref="dataSource"/>
  </bean>

  <mybatis:scan base-package="com.github.gn5r.web.mybatis.mapper"/>
  <mybatis:scan base-package="com.github.gn5r.web.index.mapper"/>
</beans>
